0 info it worked if it ends with ok
1 verbose cli [ '/usr/bin/nodejs',
1 verbose cli   '/usr/bin/npm',
1 verbose cli   'install',
1 verbose cli   '--save',
1 verbose cli   'jquery-simple-slider' ]
2 info using npm@1.3.10
3 info using node@v0.10.25
4 verbose readDependencies using package.json deps
5 verbose cache add [ 'jquery-simple-slider', null ]
6 verbose cache add name=undefined spec="jquery-simple-slider" args=["jquery-simple-slider",null]
7 verbose parsed url { protocol: null,
7 verbose parsed url   slashes: null,
7 verbose parsed url   auth: null,
7 verbose parsed url   host: null,
7 verbose parsed url   port: null,
7 verbose parsed url   hostname: null,
7 verbose parsed url   hash: null,
7 verbose parsed url   search: null,
7 verbose parsed url   query: null,
7 verbose parsed url   pathname: 'jquery-simple-slider',
7 verbose parsed url   path: 'jquery-simple-slider',
7 verbose parsed url   href: 'jquery-simple-slider' }
8 silly lockFile a5e51afa-jquery-simple-slider jquery-simple-slider
9 verbose lock jquery-simple-slider /home/timbuntu/.npm/a5e51afa-jquery-simple-slider.lock
10 silly lockFile a5e51afa-jquery-simple-slider jquery-simple-slider
11 silly lockFile a5e51afa-jquery-simple-slider jquery-simple-slider
12 verbose addNamed [ 'jquery-simple-slider', '' ]
13 verbose addNamed [ null, '*' ]
14 silly lockFile 90893964-jquery-simple-slider jquery-simple-slider@
15 verbose lock jquery-simple-slider@ /home/timbuntu/.npm/90893964-jquery-simple-slider.lock
16 silly addNameRange { name: 'jquery-simple-slider', range: '*', hasData: false }
17 verbose url raw jquery-simple-slider
18 verbose url resolving [ 'https://registry.npmjs.org/', './jquery-simple-slider' ]
19 verbose url resolved https://registry.npmjs.org/jquery-simple-slider
20 info trying registry request attempt 1 at 21:44:49
21 http GET https://registry.npmjs.org/jquery-simple-slider
22 http 404 https://registry.npmjs.org/jquery-simple-slider
23 silly registry.get cb [ 404,
23 silly registry.get   { server: 'CouchDB/1.5.0 (Erlang OTP/R16B03)',
23 silly registry.get     'content-type': 'application/json',
23 silly registry.get     'cache-control': 'max-age=0',
23 silly registry.get     'content-length': '51',
23 silly registry.get     'accept-ranges': 'bytes',
23 silly registry.get     date: 'Mon, 22 Jun 2015 19:44:49 GMT',
23 silly registry.get     via: '1.1 varnish',
23 silly registry.get     age: '0',
23 silly registry.get     connection: 'keep-alive',
23 silly registry.get     'x-served-by': 'cache-ams4122-AMS',
23 silly registry.get     'x-cache': 'MISS',
23 silly registry.get     'x-cache-hits': '0',
23 silly registry.get     'x-timer': 'S1435002289.323433,VS0,VE169' } ]
24 silly lockFile 90893964-jquery-simple-slider jquery-simple-slider@
25 silly lockFile 90893964-jquery-simple-slider jquery-simple-slider@
26 error 404 'jquery-simple-slider' is not in the npm registry.
26 error 404 You should bug the author to publish it
26 error 404
26 error 404 Note that you can also install from a
26 error 404 tarball, folder, or http url, or git url.
27 error System Linux 3.13.0-55-generic
28 error command "/usr/bin/nodejs" "/usr/bin/npm" "install" "--save" "jquery-simple-slider"
29 error cwd /home/timbuntu/Github/dn-droneshow
30 error node -v v0.10.25
31 error npm -v 1.3.10
32 error code E404
33 verbose exit [ 1, true ]
